<?xml version="1.0" encoding="UTF-8"?>
<!-- Generated by org.testng.reporters.JUnitReportReporter -->
<testsuite hostname="LAPTOP-GKQTGB06" failures="0" tests="4" name="TestCases.ParallelTest" time="11.928" errors="0" timestamp="2022-10-22T00:25:26 IST" skipped="3">
  <testcase classname="TestCases.ParallelTest" name="openSaucelab" time="11.928"/>
  <system-out/>
  <testcase classname="TestCases.ParallelTest" name="openFb">
    <skipped/>
  </testcase> <!-- openFb -->
  <system-out/>
  <testcase classname="TestCases.ParallelTest" name="openGoogle">
    <skipped/>
  </testcase> <!-- openGoogle -->
  <system-out/>
  <testcase classname="TestCases.ParallelTest" name="openRediff">
    <skipped/>
  </testcase> <!-- openRediff -->
  <system-out/>
</testsuite> <!-- TestCases.ParallelTest -->
