<?xml version="1.0" encoding="UTF-8"?>
<!-- Generated by org.testng.reporters.JUnitReportReporter -->
<testsuite hostname="LAPTOP-GKQTGB06" failures="0" tests="2" name="TestCases.CartPageTest" time="25.538" errors="0" timestamp="2022-10-21T23:30:23 IST" skipped="0">
  <testcase classname="TestCases.CartPageTest" name="remove2MoreItem" time="10.734"/>
  <system-out/>
  <testcase classname="TestCases.CartPageTest" name="verifyCurrentUrl" time="14.804"/>
  <system-out/>
</testsuite> <!-- TestCases.CartPageTest -->
