<?xml version="1.0" encoding="UTF-8"?>
<!-- Generated by org.testng.reporters.JUnitReportReporter -->
<testsuite hostname="LAPTOP-GKQTGB06" failures="0" tests="1" name="TestCases.CheckoutInfoPageTest" time="4.395" errors="0" timestamp="2022-10-11T00:46:51 IST" skipped="0">
  <testcase classname="TestCases.CheckoutInfoPageTest" name="verifyTitleTest" time="4.395"/>
  <system-out/>
</testsuite> <!-- TestCases.CheckoutInfoPageTest -->
