<?xml version="1.0" encoding="UTF-8"?>
<!-- Generated by org.testng.reporters.JUnitReportReporter -->
<testsuite hostname="LAPTOP-GKQTGB06" failures="0" tests="7" name="TestCases.InventoryPageTest" time="24.837" errors="0" timestamp="2022-10-21T23:31:18 IST" skipped="0">
  <testcase classname="TestCases.InventoryPageTest" name="verifyTwitterLogoTest" time="2.942"/>
  <system-out/>
  <testcase classname="TestCases.InventoryPageTest" name="verifySmallLogoTest" time="5.230"/>
  <system-out/>
  <testcase classname="TestCases.InventoryPageTest" name="add6ProductTest" time="3.581"/>
  <system-out/>
  <testcase classname="TestCases.InventoryPageTest" name="verifyBigLogoTest" time="3.169"/>
  <system-out/>
  <testcase classname="TestCases.InventoryPageTest" name="remove2ProductTest" time="3.802"/>
  <system-out/>
  <testcase classname="TestCases.InventoryPageTest" name="verifyLinkdinLogoTest" time="3.057"/>
  <system-out/>
  <testcase classname="TestCases.InventoryPageTest" name="verifyFacebookLogoTest" time="3.056"/>
  <system-out/>
</testsuite> <!-- TestCases.InventoryPageTest -->
