<?xml version="1.0" encoding="UTF-8"?>
<!-- Generated by org.testng.reporters.JUnitReportReporter -->
<testsuite hostname="LAPTOP-GKQTGB06" failures="0" tests="6" name="TestCases.LoginPageTest" time="32.008" errors="0" timestamp="2022-10-16T22:52:39 IST" skipped="0">
  <testcase classname="TestCases.LoginPageTest" name="loginToApp1Test" time="19.273"/>
  <system-out/>
  <testcase classname="TestCases.LoginPageTest" name="verifyLoginLogoTest" time="2.040"/>
  <system-out/>
  <testcase classname="TestCases.LoginPageTest" name="loginToApp2Test" time="4.211"/>
  <system-out/>
  <testcase classname="TestCases.LoginPageTest" name="verifyTitleTest" time="2.080"/>
  <system-out/>
  <testcase classname="TestCases.LoginPageTest" name="verifyBotLogoTest" time="2.280"/>
  <system-out/>
  <testcase classname="TestCases.LoginPageTest" name="verifyUrlTest" time="2.124"/>
  <system-out/>
</testsuite> <!-- TestCases.LoginPageTest -->
